popwindow/build/outputs/logs/manifest-merger-debug-report.txt
-- Merging decision tree log ---
manifest
ADDED from src\main\AndroidManifest.xml:2:1-32:12
	package
		ADDED from src\main\AndroidManifest.xml:3:5-39
		INJECTED from src\main\AndroidManifest.xml
		INJECTED from src\main\AndroidManifest.xml
	android:versionName
		ADDED from src\main\AndroidManifest.xml:5:5-30
		INJECTED from src\main\AndroidManifest.xml
		INJECTED from src\main\AndroidManifest.xml
	android:versionCode
		ADDED from src\main\AndroidManifest.xml:4:5-28
		INJECTED from src\main\AndroidManifest.xml
		INJECTED from src\main\AndroidManifest.xml
	xmlns:android
		ADDED from src\main\AndroidManifest.xml:2:11-69
uses-sdk
ADDED from src\main\AndroidManifest.xml:7:5-9:41
MERGED from [com.android.support:appcompat-v7:20.0.0] AndroidManifest.xml:16:5-42
MERGED from [com.android.support:support-v4:20.0.0] AndroidManifest.xml:16:5-42
	android:targetSdkVersion
		ADDED from src\main\AndroidManifest.xml:9:9-38
		INJECTED from src\main\AndroidManifest.xml
		INJECTED from src\main\AndroidManifest.xml
	android:minSdkVersion
		ADDED from src\main\AndroidManifest.xml:8:9-34
		INJECTED from src\main\AndroidManifest.xml
		INJECTED from src\main\AndroidManifest.xml
uses-permission#android.permission.WRITE_EXTERNAL_STORAGE
ADDED from src\main\AndroidManifest.xml:12:5-81
	android:name
		ADDED from src\main\AndroidManifest.xml:12:22-78
uses-permission#android.permission.MOUNT_UNMOUNT_FILESYSTEMS
ADDED from src\main\AndroidManifest.xml:14:5-84
	android:name
		ADDED from src\main\AndroidManifest.xml:14:22-81
application
ADDED from src\main\AndroidManifest.xml:16:5-30:19
MERGED from [com.android.support:appcompat-v7:20.0.0] AndroidManifest.xml:17:5-19
MERGED from [com.android.support:support-v4:20.0.0] AndroidManifest.xml:17:5-19
	android:label
		ADDED from src\main\AndroidManifest.xml:19:9-41
	android:allowBackup
		ADDED from src\main\AndroidManifest.xml:17:9-35
	android:icon
		ADDED from src\main\AndroidManifest.xml:18:9-45
	android:theme
		ADDED from src\main\AndroidManifest.xml:20:9-62
activity#com.example.android_test.MainActivity
ADDED from src\main\AndroidManifest.xml:21:9-29:20
	android:label
		ADDED from src\main\AndroidManifest.xml:23:13-45
	android:name
		ADDED from src\main\AndroidManifest.xml:22:13-41
intent-filter#android.intent.action.MAIN+android.intent.category.LAUNCHER
ADDED from src\main\AndroidManifest.xml:24:13-28:29
action#android.intent.action.MAIN
ADDED from src\main\AndroidManifest.xml:25:17-69
	android:name
		ADDED from src\main\AndroidManifest.xml:25:25-66
category#android.intent.category.LAUNCHER
ADDED from src\main\AndroidManifest.xml:27:17-77
	android:name
		ADDED from src\main\AndroidManifest.xml:27:27-74